# JRE version: OpenJDK Runtime Environment (24.0.1+9) (build 24.0.1+9-30)
# Java VM: OpenJDK 64-Bit Server VM (24.0.1+9-30, mixed mode, sharing, tiered, compressed oops, compressed class ptrs, g1 gc, windows-amd64)
GC Precious Log:
 CardTable entry size: 512
 Card Set container configuration: InlinePtr #cards 5 size 8 Array Of Cards #cards 10 size 36 Howl #buckets 4 coarsen threshold 1843 Howl Bitmap #cards 512 size 80 coarsen threshold 460 Card regions per heap region 1 cards per card region 2048
 CPUs: 8 total, 8 available
 Memory: 8128M
 Large Page Support: Disabled
 NUMA Support: Disabled
 Compressed Oops: Enabled (32-bit)
 Heap Region Size: 1M
 Heap Min Capacity: 8M
 Heap Initial Capacity: 128M
 Heap Max Capacity: 512M
 Pre-touch: Disabled
 Parallel Workers: 8
 Concurrent Workers: 2
 Concurrent Refinement Workers: 8
 Periodic GC: Disabled
Heap:
 garbage-first heap   total reserved 524288K, committed 154624K, used 109995K [0x00000000e0000000, 0x0000000100000000)
  region size 1024K, 4 young (4096K), 1 survivors (1024K)
 Metaspace       used 18049K, committed 18240K, reserved 1114112K
  class space    used 1558K, committed 1664K, reserved 1048576K
GC Heap History (20 events):
Event: 16.110 GC heap before
{Heap before GC invocations=26 (full 0):
 garbage-first heap   total reserved 524288K, committed 133120K, used 116302K [0x00000000e0000000, 0x0000000100000000)
  region size 1024K, 59 young (60416K), 7 survivors (7168K)
 Metaspace       used 17293K, committed 17536K, reserved 1114112K
  class space    used 1509K, committed 1600K, reserved 1048576K
}
Event: 16.123 GC heap after
{Heap after GC invocations=27 (full 0):
 garbage-first heap   total reserved 524288K, committed 133120K, used 67591K [0x00000000e0000000, 0x0000000100000000)
  region size 1024K, 8 young (8192K), 8 survivors (8192K)
 Metaspace       used 17293K, committed 17536K, reserved 1114112K
  class space    used 1509K, committed 1600K, reserved 1048576K
}
Event: 16.887 GC heap before
{Heap before GC invocations=27 (full 0):
 garbage-first heap   total reserved 524288K, committed 133120K, used 114695K [0x00000000e0000000, 0x0000000100000000)
  region size 1024K, 55 young (56320K), 8 survivors (8192K)
 Metaspace       used 17319K, committed 17536K, reserved 1114112K
  class space    used 1510K, committed 1600K, reserved 1048576K
}
Event: 16.901 GC heap after
{Heap after GC invocations=28 (full 0):
 garbage-first heap   total reserved 524288K, committed 133120K, used 69451K [0x00000000e0000000, 0x0000000100000000)
  region size 1024K, 3 young (3072K), 3 survivors (3072K)
 Metaspace       used 17319K, committed 17536K, reserved 1114112K
  class space    used 1510K, committed 1600K, reserved 1048576K
}
Event: 18.910 GC heap before
{Heap before GC invocations=29 (full 0):
 garbage-first heap   total reserved 524288K, committed 133120K, used 120651K [0x00000000e0000000, 0x0000000100000000)
  region size 1024K, 54 young (55296K), 3 survivors (3072K)
 Metaspace       used 17375K, committed 17600K, reserved 1114112K
  class space    used 1511K, committed 1600K, reserved 1048576K
}
Event: 18.927 GC heap after
{Heap after GC invocations=30 (full 0):
 garbage-first heap   total reserved 524288K, committed 133120K, used 71872K [0x00000000e0000000, 0x0000000100000000)
  region size 1024K, 6 young (6144K), 6 survivors (6144K)
 Metaspace       used 17375K, committed 17600K, reserved 1114112K
  class space    used 1511K, committed 1600K, reserved 1048576K
}
Event: 19.704 GC heap before
{Heap before GC invocations=30 (full 0):
 garbage-first heap   total reserved 524288K, committed 133120K, used 116928K [0x00000000e0000000, 0x0000000100000000)
  region size 1024K, 51 young (52224K), 6 survivors (6144K)
 Metaspace       used 17377K, committed 17600K, reserved 1114112K
  class space    used 1511K, committed 1600K, reserved 1048576K
}
Event: 19.721 GC heap after
{Heap after GC invocations=31 (full 0):
 garbage-first heap   total reserved 524288K, committed 133120K, used 65695K [0x00000000e0000000, 0x0000000100000000)
  region size 1024K, 5 young (5120K), 5 survivors (5120K)
 Metaspace       used 17377K, committed 17600K, reserved 1114112K
  class space    used 1511K, committed 1600K, reserved 1048576K
}
Event: 20.243 GC heap before
{Heap before GC invocations=31 (full 0):
 garbage-first heap   total reserved 524288K, committed 133120K, used 118943K [0x00000000e0000000, 0x0000000100000000)
  region size 1024K, 58 young (59392K), 5 survivors (5120K)
 Metaspace       used 17421K, committed 17664K, reserved 1114112K
  class space    used 1514K, committed 1600K, reserved 1048576K
}
Event: 20.256 GC heap after
{Heap after GC invocations=32 (full 0):
 garbage-first heap   total reserved 524288K, committed 134144K, used 68061K [0x00000000e0000000, 0x0000000100000000)
  region size 1024K, 7 young (7168K), 7 survivors (7168K)
 Metaspace       used 17421K, committed 17664K, reserved 1114112K
  class space    used 1514K, committed 1600K, reserved 1048576K
}
Event: 21.199 GC heap before
{Heap before GC invocations=32 (full 0):
 garbage-first heap   total reserved 524288K, committed 134144K, used 116189K [0x00000000e0000000, 0x0000000100000000)
  region size 1024K, 55 young (56320K), 7 survivors (7168K)
 Metaspace       used 17441K, committed 17664K, reserved 1114112K
  class space    used 1514K, committed 1600K, reserved 1048576K
}
Event: 21.211 GC heap after
{Heap after GC invocations=33 (full 0):
 garbage-first heap   total reserved 524288K, committed 134144K, used 71000K [0x00000000e0000000, 0x0000000100000000)
  region size 1024K, 4 young (4096K), 4 survivors (4096K)
 Metaspace       used 17441K, committed 17664K, reserved 1114112K
  class space    used 1514K, committed 1600K, reserved 1048576K
}
Event: 23.906 GC heap before
{Heap before GC invocations=34 (full 0):
 garbage-first heap   total reserved 524288K, committed 134144K, used 120152K [0x00000000e0000000, 0x0000000100000000)
  region size 1024K, 53 young (54272K), 4 survivors (4096K)
 Metaspace       used 17457K, committed 17728K, reserved 1114112K
  class space    used 1515K, committed 1664K, reserved 1048576K
}
Event: 23.917 GC heap after
{Heap after GC invocations=35 (full 0):
 garbage-first heap   total reserved 524288K, committed 134144K, used 73240K [0x00000000e0000000, 0x0000000100000000)
  region size 1024K, 6 young (6144K), 6 survivors (6144K)
 Metaspace       used 17457K, committed 17728K, reserved 1114112K
  class space    used 1515K, committed 1664K, reserved 1048576K
}
Event: 25.061 GC heap before
{Heap before GC invocations=35 (full 0):
 garbage-first heap   total reserved 524288K, committed 134144K, used 118296K [0x00000000e0000000, 0x0000000100000000)
  region size 1024K, 51 young (52224K), 6 survivors (6144K)
 Metaspace       used 17471K, committed 17792K, reserved 1114112K
  class space    used 1515K, committed 1664K, reserved 1048576K
}
Event: 25.081 GC heap after
{Heap after GC invocations=36 (full 0):
 garbage-first heap   total reserved 524288K, committed 134144K, used 68032K [0x00000000e0000000, 0x0000000100000000)
  region size 1024K, 6 young (6144K), 6 survivors (6144K)
 Metaspace       used 17471K, committed 17792K, reserved 1114112K
  class space    used 1515K, committed 1664K, reserved 1048576K
}
Event: 26.902 GC heap before
{Heap before GC invocations=36 (full 0):
 garbage-first heap   total reserved 524288K, committed 134144K, used 118208K [0x00000000e0000000, 0x0000000100000000)
  region size 1024K, 56 young (57344K), 6 survivors (6144K)
 Metaspace       used 17494K, committed 17792K, reserved 1114112K
  class space    used 1517K, committed 1664K, reserved 1048576K
}
Event: 26.910 GC heap after
{Heap after GC invocations=37 (full 0):
 garbage-first heap   total reserved 524288K, committed 134144K, used 71609K [0x00000000e0000000, 0x0000000100000000)
  region size 1024K, 6 young (6144K), 6 survivors (6144K)
 Metaspace       used 17494K, committed 17792K, reserved 1114112K
  class space    used 1517K, committed 1664K, reserved 1048576K
}
Event: 27.935 GC heap before
{Heap before GC invocations=38 (full 0):
 garbage-first heap   total reserved 524288K, committed 134144K, used 118713K [0x00000000e0000000, 0x0000000100000000)
  region size 1024K, 52 young (53248K), 6 survivors (6144K)
 Metaspace       used 17819K, committed 18048K, reserved 1114112K
  class space    used 1545K, committed 1664K, reserved 1048576K
}
Event: 27.968 GC heap after
{Heap after GC invocations=39 (full 0):
 garbage-first heap   total reserved 524288K, committed 135168K, used 81213K [0x00000000e0000000, 0x0000000100000000)
  region size 1024K, 7 young (7168K), 7 survivors (7168K)
 Metaspace       used 17819K, committed 18048K, reserved 1114112K
  class space    used 1545K, committed 1664K, reserved 1048576K
}

