# JRE version: OpenJDK Runtime Environment (24.0.1+9) (build 24.0.1+9-30)
# Java VM: OpenJDK 64-Bit Server VM (24.0.1+9-30, mixed mode, sharing, tiered, compressed oops, compressed class ptrs, g1 gc, windows-amd64)
GC Precious Log:
 CardTable entry size: 512
 Card Set container configuration: InlinePtr #cards 5 size 8 Array Of Cards #cards 10 size 36 Howl #buckets 4 coarsen threshold 1843 Howl Bitmap #cards 512 size 80 coarsen threshold 460 Card regions per heap region 1 cards per card region 2048
 CPUs: 8 total, 8 available
 Memory: 8128M
 Large Page Support: Disabled
 NUMA Support: Disabled
 Compressed Oops: Enabled (32-bit)
 Heap Region Size: 1M
 Heap Min Capacity: 8M
 Heap Initial Capacity: 128M
 Heap Max Capacity: 512M
 Pre-touch: Disabled
 Parallel Workers: 8
 Concurrent Workers: 2
 Concurrent Refinement Workers: 8
 Periodic GC: Disabled
Heap:
 garbage-first heap   total reserved 524288K, committed 225280K, used 104100K [0x00000000e0000000, 0x0000000100000000)
  region size 1024K, 49 young (50176K), 12 survivors (12288K)
 Metaspace       used 17278K, committed 17472K, reserved 1114112K
  class space    used 1517K, committed 1600K, reserved 1048576K
GC Heap History (20 events):
Event: 10.216 GC heap before
{Heap before GC invocations=12 (full 0):
 garbage-first heap   total reserved 524288K, committed 133120K, used 114052K [0x00000000e0000000, 0x0000000100000000)
  region size 1024K, 76 young (77824K), 5 survivors (5120K)
 Metaspace       used 16971K, committed 17216K, reserved 1114112K
  class space    used 1510K, committed 1600K, reserved 1048576K
}
Event: 10.236 GC heap after
{Heap after GC invocations=13 (full 0):
 garbage-first heap   total reserved 524288K, committed 133120K, used 44219K [0x00000000e0000000, 0x0000000100000000)
  region size 1024K, 6 young (6144K), 6 survivors (6144K)
 Metaspace       used 16971K, committed 17216K, reserved 1114112K
  class space    used 1510K, committed 1600K, reserved 1048576K
}
Event: 10.418 GC heap before
{Heap before GC invocations=13 (full 0):
 garbage-first heap   total reserved 524288K, committed 133120K, used 114875K [0x00000000e0000000, 0x0000000100000000)
  region size 1024K, 76 young (77824K), 6 survivors (6144K)
 Metaspace       used 16983K, committed 17216K, reserved 1114112K
  class space    used 1510K, committed 1600K, reserved 1048576K
}
Event: 10.430 GC heap after
{Heap after GC invocations=14 (full 0):
 garbage-first heap   total reserved 524288K, committed 133120K, used 45852K [0x00000000e0000000, 0x0000000100000000)
  region size 1024K, 7 young (7168K), 7 survivors (7168K)
 Metaspace       used 16983K, committed 17216K, reserved 1114112K
  class space    used 1510K, committed 1600K, reserved 1048576K
}
Event: 10.760 GC heap before
{Heap before GC invocations=14 (full 0):
 garbage-first heap   total reserved 524288K, committed 133120K, used 115484K [0x00000000e0000000, 0x0000000100000000)
  region size 1024K, 76 young (77824K), 7 survivors (7168K)
 Metaspace       used 17033K, committed 17280K, reserved 1114112K
  class space    used 1512K, committed 1600K, reserved 1048576K
}
Event: 10.902 GC heap after
{Heap after GC invocations=15 (full 0):
 garbage-first heap   total reserved 524288K, committed 149504K, used 49626K [0x00000000e0000000, 0x0000000100000000)
  region size 1024K, 10 young (10240K), 10 survivors (10240K)
 Metaspace       used 17033K, committed 17280K, reserved 1114112K
  class space    used 1512K, committed 1600K, reserved 1048576K
}
Event: 11.134 GC heap before
{Heap before GC invocations=15 (full 0):
 garbage-first heap   total reserved 524288K, committed 149504K, used 128474K [0x00000000e0000000, 0x0000000100000000)
  region size 1024K, 87 young (89088K), 10 survivors (10240K)
 Metaspace       used 17041K, committed 17280K, reserved 1114112K
  class space    used 1512K, committed 1600K, reserved 1048576K
}
Event: 11.146 GC heap after
{Heap after GC invocations=16 (full 0):
 garbage-first heap   total reserved 524288K, committed 149504K, used 51029K [0x00000000e0000000, 0x0000000100000000)
  region size 1024K, 6 young (6144K), 6 survivors (6144K)
 Metaspace       used 17041K, committed 17280K, reserved 1114112K
  class space    used 1512K, committed 1600K, reserved 1048576K
}
Event: 11.572 GC heap before
{Heap before GC invocations=16 (full 0):
 garbage-first heap   total reserved 524288K, committed 149504K, used 128853K [0x00000000e0000000, 0x0000000100000000)
  region size 1024K, 83 young (84992K), 6 survivors (6144K)
 Metaspace       used 17089K, committed 17344K, reserved 1114112K
  class space    used 1512K, committed 1600K, reserved 1048576K
}
Event: 11.591 GC heap after
{Heap after GC invocations=17 (full 0):
 garbage-first heap   total reserved 524288K, committed 149504K, used 52129K [0x00000000e0000000, 0x0000000100000000)
  region size 1024K, 7 young (7168K), 7 survivors (7168K)
 Metaspace       used 17089K, committed 17344K, reserved 1114112K
  class space    used 1512K, committed 1600K, reserved 1048576K
}
Event: 11.776 GC heap before
{Heap before GC invocations=17 (full 0):
 garbage-first heap   total reserved 524288K, committed 149504K, used 132001K [0x00000000e0000000, 0x0000000100000000)
  region size 1024K, 86 young (88064K), 7 survivors (7168K)
 Metaspace       used 17098K, committed 17344K, reserved 1114112K
  class space    used 1512K, committed 1600K, reserved 1048576K
}
Event: 11.794 GC heap after
{Heap after GC invocations=18 (full 0):
 garbage-first heap   total reserved 524288K, committed 149504K, used 52900K [0x00000000e0000000, 0x0000000100000000)
  region size 1024K, 4 young (4096K), 4 survivors (4096K)
 Metaspace       used 17098K, committed 17344K, reserved 1114112K
  class space    used 1512K, committed 1600K, reserved 1048576K
}
Event: 11.972 GC heap before
{Heap before GC invocations=18 (full 0):
 garbage-first heap   total reserved 524288K, committed 149504K, used 132772K [0x00000000e0000000, 0x0000000100000000)
  region size 1024K, 83 young (84992K), 4 survivors (4096K)
 Metaspace       used 17124K, committed 17344K, reserved 1114112K
  class space    used 1513K, committed 1600K, reserved 1048576K
}
Event: 11.979 GC heap after
{Heap after GC invocations=19 (full 0):
 garbage-first heap   total reserved 524288K, committed 149504K, used 53913K [0x00000000e0000000, 0x0000000100000000)
  region size 1024K, 5 young (5120K), 5 survivors (5120K)
 Metaspace       used 17124K, committed 17344K, reserved 1114112K
  class space    used 1513K, committed 1600K, reserved 1048576K
}
Event: 12.130 GC heap before
{Heap before GC invocations=19 (full 0):
 garbage-first heap   total reserved 524288K, committed 149504K, used 132761K [0x00000000e0000000, 0x0000000100000000)
  region size 1024K, 83 young (84992K), 5 survivors (5120K)
 Metaspace       used 17131K, committed 17344K, reserved 1114112K
  class space    used 1515K, committed 1600K, reserved 1048576K
}
Event: 12.142 GC heap after
{Heap after GC invocations=20 (full 0):
 garbage-first heap   total reserved 524288K, committed 149504K, used 56871K [0x00000000e0000000, 0x0000000100000000)
  region size 1024K, 7 young (7168K), 7 survivors (7168K)
 Metaspace       used 17131K, committed 17344K, reserved 1114112K
  class space    used 1515K, committed 1600K, reserved 1048576K
}
Event: 12.215 GC heap before
{Heap before GC invocations=20 (full 0):
 garbage-first heap   total reserved 524288K, committed 149504K, used 131623K [0x00000000e0000000, 0x0000000100000000)
  region size 1024K, 81 young (82944K), 7 survivors (7168K)
 Metaspace       used 17134K, committed 17344K, reserved 1114112K
  class space    used 1515K, committed 1600K, reserved 1048576K
}
Event: 12.226 GC heap after
{Heap after GC invocations=21 (full 0):
 garbage-first heap   total reserved 524288K, committed 225280K, used 59675K [0x00000000e0000000, 0x0000000100000000)
  region size 1024K, 9 young (9216K), 9 survivors (9216K)
 Metaspace       used 17134K, committed 17344K, reserved 1114112K
  class space    used 1515K, committed 1600K, reserved 1048576K
}
Event: 13.280 GC heap before
{Heap before GC invocations=21 (full 0):
 garbage-first heap   total reserved 524288K, committed 225280K, used 177435K [0x00000000e0000000, 0x0000000100000000)
  region size 1024K, 125 young (128000K), 9 survivors (9216K)
 Metaspace       used 17254K, committed 17472K, reserved 1114112K
  class space    used 1515K, committed 1600K, reserved 1048576K
}
Event: 13.296 GC heap after
{Heap after GC invocations=22 (full 0):
 garbage-first heap   total reserved 524288K, committed 225280K, used 63299K [0x00000000e0000000, 0x0000000100000000)
  region size 1024K, 12 young (12288K), 12 survivors (12288K)
 Metaspace       used 17254K, committed 17472K, reserved 1114112K
  class space    used 1515K, committed 1600K, reserved 1048576K
}

