# JRE version: OpenJDK Runtime Environment (24.0.1+9) (build 24.0.1+9-30)
# Java VM: OpenJDK 64-Bit Server VM (24.0.1+9-30, mixed mode, sharing, tiered, compressed oops, compressed class ptrs, g1 gc, windows-amd64)
GC Precious Log:
 CardTable entry size: 512
 Card Set container configuration: InlinePtr #cards 5 size 8 Array Of Cards #cards 10 size 36 Howl #buckets 4 coarsen threshold 1843 Howl Bitmap #cards 512 size 80 coarsen threshold 460 Card regions per heap region 1 cards per card region 2048
 CPUs: 8 total, 8 available
 Memory: 8128M
 Large Page Support: Disabled
 NUMA Support: Disabled
 Compressed Oops: Enabled (32-bit)
 Heap Region Size: 1M
 Heap Min Capacity: 8M
 Heap Initial Capacity: 128M
 Heap Max Capacity: 512M
 Pre-touch: Disabled
 Parallel Workers: 8
 Concurrent Workers: 2
 Concurrent Refinement Workers: 8
 Periodic GC: Disabled
Heap:
 garbage-first heap   total reserved 524288K, committed 211968K, used 133098K [0x00000000e0000000, 0x0000000100000000)
  region size 1024K, 65 young (66560K), 13 survivors (13312K)
 Metaspace       used 17462K, committed 17664K, reserved 1114112K
  class space    used 1512K, committed 1600K, reserved 1048576K
GC Heap History (20 events):
Event: 8.999 GC heap before
{Heap before GC invocations=14 (full 0):
 garbage-first heap   total reserved 524288K, committed 211968K, used 154901K [0x00000000e0000000, 0x0000000100000000)
  region size 1024K, 114 young (116736K), 6 survivors (6144K)
 Metaspace       used 16954K, committed 17216K, reserved 1114112K
  class space    used 1506K, committed 1600K, reserved 1048576K
}
Event: 9.010 GC heap after
{Heap after GC invocations=15 (full 0):
 garbage-first heap   total reserved 524288K, committed 211968K, used 47928K [0x00000000e0000000, 0x0000000100000000)
  region size 1024K, 8 young (8192K), 8 survivors (8192K)
 Metaspace       used 16954K, committed 17216K, reserved 1114112K
  class space    used 1506K, committed 1600K, reserved 1048576K
}
Event: 9.192 GC heap before
{Heap before GC invocations=15 (full 0):
 garbage-first heap   total reserved 524288K, committed 211968K, used 157496K [0x00000000e0000000, 0x0000000100000000)
  region size 1024K, 116 young (118784K), 8 survivors (8192K)
 Metaspace       used 17011K, committed 17280K, reserved 1114112K
  class space    used 1506K, committed 1600K, reserved 1048576K
}
Event: 9.201 GC heap after
{Heap after GC invocations=16 (full 0):
 garbage-first heap   total reserved 524288K, committed 211968K, used 48942K [0x00000000e0000000, 0x0000000100000000)
  region size 1024K, 9 young (9216K), 9 survivors (9216K)
 Metaspace       used 17011K, committed 17280K, reserved 1114112K
  class space    used 1506K, committed 1600K, reserved 1048576K
}
Event: 9.405 GC heap before
{Heap before GC invocations=16 (full 0):
 garbage-first heap   total reserved 524288K, committed 211968K, used 165678K [0x00000000e0000000, 0x0000000100000000)
  region size 1024K, 124 young (126976K), 9 survivors (9216K)
 Metaspace       used 17054K, committed 17280K, reserved 1114112K
  class space    used 1508K, committed 1600K, reserved 1048576K
}
Event: 9.416 GC heap after
{Heap after GC invocations=17 (full 0):
 garbage-first heap   total reserved 524288K, committed 211968K, used 50054K [0x00000000e0000000, 0x0000000100000000)
  region size 1024K, 10 young (10240K), 10 survivors (10240K)
 Metaspace       used 17054K, committed 17280K, reserved 1114112K
  class space    used 1508K, committed 1600K, reserved 1048576K
}
Event: 9.909 GC heap before
{Heap before GC invocations=17 (full 0):
 garbage-first heap   total reserved 524288K, committed 211968K, used 165766K [0x00000000e0000000, 0x0000000100000000)
  region size 1024K, 124 young (126976K), 10 survivors (10240K)
 Metaspace       used 17114K, committed 17344K, reserved 1114112K
  class space    used 1508K, committed 1600K, reserved 1048576K
}
Event: 9.922 GC heap after
{Heap after GC invocations=18 (full 0):
 garbage-first heap   total reserved 524288K, committed 211968K, used 51836K [0x00000000e0000000, 0x0000000100000000)
  region size 1024K, 10 young (10240K), 10 survivors (10240K)
 Metaspace       used 17114K, committed 17344K, reserved 1114112K
  class space    used 1508K, committed 1600K, reserved 1048576K
}
Event: 10.147 GC heap before
{Heap before GC invocations=18 (full 0):
 garbage-first heap   total reserved 524288K, committed 211968K, used 167548K [0x00000000e0000000, 0x0000000100000000)
  region size 1024K, 124 young (126976K), 10 survivors (10240K)
 Metaspace       used 17126K, committed 17344K, reserved 1114112K
  class space    used 1508K, committed 1600K, reserved 1048576K
}
Event: 10.159 GC heap after
{Heap after GC invocations=19 (full 0):
 garbage-first heap   total reserved 524288K, committed 211968K, used 52832K [0x00000000e0000000, 0x0000000100000000)
  region size 1024K, 10 young (10240K), 10 survivors (10240K)
 Metaspace       used 17126K, committed 17344K, reserved 1114112K
  class space    used 1508K, committed 1600K, reserved 1048576K
}
Event: 10.443 GC heap before
{Heap before GC invocations=19 (full 0):
 garbage-first heap   total reserved 524288K, committed 211968K, used 168544K [0x00000000e0000000, 0x0000000100000000)
  region size 1024K, 124 young (126976K), 10 survivors (10240K)
 Metaspace       used 17139K, committed 17344K, reserved 1114112K
  class space    used 1509K, committed 1600K, reserved 1048576K
}
Event: 10.461 GC heap after
{Heap after GC invocations=20 (full 0):
 garbage-first heap   total reserved 524288K, committed 211968K, used 60193K [0x00000000e0000000, 0x0000000100000000)
  region size 1024K, 16 young (16384K), 16 survivors (16384K)
 Metaspace       used 17139K, committed 17344K, reserved 1114112K
  class space    used 1509K, committed 1600K, reserved 1048576K
}
Event: 11.439 GC heap before
{Heap before GC invocations=20 (full 0):
 garbage-first heap   total reserved 524288K, committed 211968K, used 169761K [0x00000000e0000000, 0x0000000100000000)
  region size 1024K, 124 young (126976K), 16 survivors (16384K)
 Metaspace       used 17283K, committed 17536K, reserved 1114112K
  class space    used 1511K, committed 1600K, reserved 1048576K
}
Event: 11.454 GC heap after
{Heap after GC invocations=21 (full 0):
 garbage-first heap   total reserved 524288K, committed 211968K, used 66832K [0x00000000e0000000, 0x0000000100000000)
  region size 1024K, 7 young (7168K), 7 survivors (7168K)
 Metaspace       used 17283K, committed 17536K, reserved 1114112K
  class space    used 1511K, committed 1600K, reserved 1048576K
}
Event: 12.048 GC heap before
{Heap before GC invocations=21 (full 0):
 garbage-first heap   total reserved 524288K, committed 211968K, used 184592K [0x00000000e0000000, 0x0000000100000000)
  region size 1024K, 123 young (125952K), 7 survivors (7168K)
 Metaspace       used 17345K, committed 17600K, reserved 1114112K
  class space    used 1511K, committed 1600K, reserved 1048576K
}
Event: 12.059 GC heap after
{Heap after GC invocations=22 (full 0):
 garbage-first heap   total reserved 524288K, committed 211968K, used 70170K [0x00000000e0000000, 0x0000000100000000)
  region size 1024K, 11 young (11264K), 11 survivors (11264K)
 Metaspace       used 17345K, committed 17600K, reserved 1114112K
  class space    used 1511K, committed 1600K, reserved 1048576K
}
Event: 12.875 GC heap before
{Heap before GC invocations=22 (full 0):
 garbage-first heap   total reserved 524288K, committed 211968K, used 184858K [0x00000000e0000000, 0x0000000100000000)
  region size 1024K, 124 young (126976K), 11 survivors (11264K)
 Metaspace       used 17393K, committed 17600K, reserved 1114112K
  class space    used 1511K, committed 1600K, reserved 1048576K
}
Event: 12.892 GC heap after
{Heap after GC invocations=23 (full 0):
 garbage-first heap   total reserved 524288K, committed 211968K, used 74131K [0x00000000e0000000, 0x0000000100000000)
  region size 1024K, 10 young (10240K), 10 survivors (10240K)
 Metaspace       used 17393K, committed 17600K, reserved 1114112K
  class space    used 1511K, committed 1600K, reserved 1048576K
}
Event: 14.333 GC heap before
{Heap before GC invocations=23 (full 0):
 garbage-first heap   total reserved 524288K, committed 211968K, used 187795K [0x00000000e0000000, 0x0000000100000000)
  region size 1024K, 122 young (124928K), 10 survivors (10240K)
 Metaspace       used 17444K, committed 17664K, reserved 1114112K
  class space    used 1511K, committed 1600K, reserved 1048576K
}
Event: 14.352 GC heap after
{Heap after GC invocations=24 (full 0):
 garbage-first heap   total reserved 524288K, committed 211968K, used 81898K [0x00000000e0000000, 0x0000000100000000)
  region size 1024K, 13 young (13312K), 13 survivors (13312K)
 Metaspace       used 17444K, committed 17664K, reserved 1114112K
  class space    used 1511K, committed 1600K, reserved 1048576K
}

